
ROM used:   1118/8192 (14%)
            1118/8192 (14%) including unused fragments

            1.0 Average locations per line
            4.4 Average locations per statement

RAM used:   48/368 (13%) at main() level
            54/368 (15%) worst case

Stack used: 3 worst case (2 in main + 1 for interrupts)
Stack size: 8

Lines Stmts  %   Files
----- ----- ---  -----
  428   257 100  main.c
   26     0   0  main.h
  684     0   0  ..\..\Program Files (x86)\PICC\Devices\16F877A.h
----- -----
 1138   257 Total

Page ROM  %  RAM    Vol Diff  Functions:
---- --- --- ---    --- ----  ----------
0     10   1    0             @const664
0     10   1    0             @const667
0     10   1    0             @const670
0     10   1    0             @const673
0      9   1    0             @const676
0      9   1    0             @const679
0      9   1    0             @const685
0     14   1    0             @const688
0    128  11    1    458  5.2  TIMER0_isr
0     97   9    0    931  3.9  verificabotao
 Inline         0    193  2.7  verificaerro9
 Inline         0    232  3.1  verificaerro0
0    151  14    0    947  3.9  MAIN
0     45   4    0    138  2.3  fase1
0     45   4    0    138  2.3  fase2
0     45   4    0    138  2.3  fase3
0     45   4    0    138  2.3  fase4
0    102   9    3    644  5.3  escolha_de_fase
0     89   8    2    373  4.2  falha
0     37   3    5             @DIV1616
0    124  11    1    676  4.3  tela_iniciu
0     82   7    1    431  2.8  update_display
 Inline         0             @cinit1

Program metrics:
    Functions               13
    Statements              257
    Comments                166
    Volume (V)              8895
    Difficulty (D)          43.9
    Effort to implement (E) 390932
    Time to implement (T)   6 hours, 2 minutes
    Est Delivered Bugs (B)  2
    Cyclomatic Complexity   44
    Maintainability (MI)    54

 Segment     Used  Free
-----------  ----  ----
00000-00003     4  0  
00004-0002E    43  0  
0002F-007FF  1071  930  
00800-00FFF     0  2048  
01000-017FF     0  2048  
01800-01FFF     0  2048  



